2026-01-06T07:38:26.913891Z	Cloning repository...
2026-01-06T07:38:27.968652Z	From https://github.com/SummitLabDev/fitcityculemborg
2026-01-06T07:38:27.969042Z	 * branch            4e5c923da02180d96d0578aef543b209434e5a80 -> FETCH_HEAD
2026-01-06T07:38:27.969142Z	
2026-01-06T07:38:28.021582Z	HEAD is now at 4e5c923 Fix Astro 5 config: remove deprecated output option
2026-01-06T07:38:28.022204Z	
2026-01-06T07:38:28.096045Z	
2026-01-06T07:38:28.096853Z	Using v2 root directory strategy
2026-01-06T07:38:28.119478Z	Success: Finished cloning repository files
2026-01-06T07:38:29.70362Z	Checking for configuration in a Wrangler configuration file (BETA)
2026-01-06T07:38:29.704493Z	
2026-01-06T07:38:29.705833Z	Found wrangler.toml file. Reading build configuration...
2026-01-06T07:38:29.712075Z	pages_build_output_dir: dist
2026-01-06T07:38:29.712272Z	Build environment variables: (none found)
2026-01-06T07:38:30.810543Z	Successfully read wrangler.toml file.
2026-01-06T07:38:30.875524Z	Detected the following tools from environment: npm@10.9.2, nodejs@22.16.0
2026-01-06T07:38:30.876221Z	Installing project dependencies: npm clean-install --progress=false
2026-01-06T07:38:38.98273Z	
2026-01-06T07:38:38.982944Z	added 449 packages, and audited 450 packages in 8s
2026-01-06T07:38:38.983123Z	
2026-01-06T07:38:38.983202Z	175 packages are looking for funding
2026-01-06T07:38:38.983375Z	  run `npm fund` for details
2026-01-06T07:38:38.984001Z	
2026-01-06T07:38:38.984151Z	found 0 vulnerabilities
2026-01-06T07:38:39.009278Z	Executing user command: npm run build
2026-01-06T07:38:39.370208Z	
2026-01-06T07:38:39.370501Z	> fitcity-culemborg@0.0.1 build
2026-01-06T07:38:39.37062Z	> astro check && astro build
2026-01-06T07:38:39.370694Z	
2026-01-06T07:38:41.857529Z	[2m07:38:41[22m [34m[@astrojs/cloudflare][39m Enabling sessions with Cloudflare KV with the "SESSION" KV binding.
2026-01-06T07:38:41.857774Z	[2m07:38:41[22m [34m[@astrojs/cloudflare][39m If you see the error "Invalid binding `SESSION`" in your build output, you need to add the binding to your wrangler config file.
2026-01-06T07:38:41.868374Z	[33m[1m07:38:41[22m [WARN] [adapter][39m Cloudflare does not support sharp at runtime. However, you can configure `imageService: "compile"` to optimize images with sharp on prerendered pages during build time.
2026-01-06T07:38:41.989815Z	[2m07:38:41[22m [34m[content][39m Syncing content
2026-01-06T07:38:41.993928Z	[2m07:38:41[22m [34m[content][39m Synced content
2026-01-06T07:38:41.994569Z	[2m07:38:41[22m [34m[types][39m Generated [2m126ms[22m
2026-01-06T07:38:42.00065Z	[2m07:38:42[22m [34m[check][39m Getting diagnostics for Astro files in /opt/buildhome/repo...
2026-01-06T07:38:45.70385Z	[96msrc/components/seo/FAQSchema.astro[0m:[93m19[0m:[93m9[0m - [93mwarning[0m[90m astro(4000): [0mThis script will be treated as if it has the `is:inline` directive because it contains an attribute. Therefore, features that require processing (e.g. using TypeScript or npm packages in the script) are unavailable.
2026-01-06T07:38:45.704211Z	
2026-01-06T07:38:45.704462Z	See docs for more details: https://docs.astro.build/en/guides/client-side-scripts/#script-processing.
2026-01-06T07:38:45.704606Z	
2026-01-06T07:38:45.704712Z	Add the `is:inline` directive explicitly to silence this hint.
2026-01-06T07:38:45.704817Z	
2026-01-06T07:38:45.704902Z	[7m19[0m <script type="application/ld+json" set:html={JSON.stringify(faqSchema)} />
2026-01-06T07:38:45.704995Z	[7m  [0m [93m        ~~~~[0m
2026-01-06T07:38:45.705129Z	
2026-01-06T07:38:45.721899Z	[96msrc/components/seo/OpeningHoursSchema.astro[0m:[93m23[0m:[93m9[0m - [93mwarning[0m[90m astro(4000): [0mThis script will be treated as if it has the `is:inline` directive because it contains an attribute. Therefore, features that require processing (e.g. using TypeScript or npm packages in the script) are unavailable.
2026-01-06T07:38:45.722187Z	
2026-01-06T07:38:45.722383Z	See docs for more details: https://docs.astro.build/en/guides/client-side-scripts/#script-processing.
2026-01-06T07:38:45.722503Z	
2026-01-06T07:38:45.72261Z	Add the `is:inline` directive explicitly to silence this hint.
2026-01-06T07:38:45.722704Z	
2026-01-06T07:38:45.722827Z	[7m23[0m <script type="application/ld+json" set:html={JSON.stringify(openingSchema)} />
2026-01-06T07:38:45.722923Z	[7m  [0m [93m        ~~~~[0m
2026-01-06T07:38:45.723011Z	
2026-01-06T07:38:45.756533Z	[96msrc/components/seo/SchemaMarkup.astro[0m:[93m145[0m:[93m9[0m - [93mwarning[0m[90m astro(4000): [0mThis script will be treated as if it has the `is:inline` directive because it contains an attribute. Therefore, features that require processing (e.g. using TypeScript or npm packages in the script) are unavailable.
2026-01-06T07:38:45.756871Z	
2026-01-06T07:38:45.757508Z	See docs for more details: https://docs.astro.build/en/guides/client-side-scripts/#script-processing.
2026-01-06T07:38:45.757807Z	
2026-01-06T07:38:45.757924Z	Add the `is:inline` directive explicitly to silence this hint.
2026-01-06T07:38:45.758232Z	
2026-01-06T07:38:45.758455Z	[7m145[0m <script type="application/ld+json" set:html={JSON.stringify(schemas)} />
2026-01-06T07:38:45.758599Z	[7m   [0m [93m        ~~~~[0m
2026-01-06T07:38:45.758709Z	
2026-01-06T07:38:46.233847Z	[96msrc/pages/admin/signups.astro[0m:[93m10[0m:[93m39[0m - [91merror[0m[90m ts(2339): [0mProperty 'runtime' does not exist on type 'Locals'.
2026-01-06T07:38:46.234178Z	
2026-01-06T07:38:46.234351Z	[7m10[0m const encryptionSecret = Astro.locals.runtime.env.ENCRYPTION_SECRET as string;
2026-01-06T07:38:46.234477Z	[7m  [0m [91m                                      ~~~~~~~[0m
2026-01-06T07:38:46.234606Z	[96msrc/pages/admin/signups.astro[0m:[93m9[0m:[93m43[0m - [91merror[0m[90m ts(2552): [0mCannot find name 'D1Database'. Did you mean 'IDBDatabase'?
2026-01-06T07:38:46.234754Z	
2026-01-06T07:38:46.234854Z	[7m9[0m const db = Astro.locals.runtime.env.DB as D1Database;
2026-01-06T07:38:46.234969Z	[7m [0m [91m                                          ~~~~~~~~~~[0m
2026-01-06T07:38:46.235096Z	[96msrc/pages/admin/signups.astro[0m:[93m9[0m:[93m25[0m - [91merror[0m[90m ts(2339): [0mProperty 'runtime' does not exist on type 'Locals'.
2026-01-06T07:38:46.235191Z	
2026-01-06T07:38:46.23541Z	[7m9[0m const db = Astro.locals.runtime.env.DB as D1Database;
2026-01-06T07:38:46.235518Z	[7m [0m [91m                        ~~~~~~~[0m
2026-01-06T07:38:46.235617Z	
2026-01-06T07:38:46.264339Z	[96msrc/pages/api/signup.ts[0m:[93m48[0m:[93m37[0m - [91merror[0m[90m ts(2339): [0mProperty 'runtime' does not exist on type 'Locals'.
2026-01-06T07:38:46.264612Z	
2026-01-06T07:38:46.264739Z	[7m48[0m     const encryptionSecret = locals.runtime.env.ENCRYPTION_SECRET as string;
2026-01-06T07:38:46.264852Z	[7m  [0m [91m                                    ~~~~~~~[0m
2026-01-06T07:38:46.264967Z	[96msrc/pages/api/signup.ts[0m:[93m38[0m:[93m41[0m - [91merror[0m[90m ts(2552): [0mCannot find name 'D1Database'. Did you mean 'IDBDatabase'?
2026-01-06T07:38:46.265152Z	
2026-01-06T07:38:46.265295Z	[7m38[0m     const db = locals.runtime.env.DB as D1Database;
2026-01-06T07:38:46.265399Z	[7m  [0m [91m                                        ~~~~~~~~~~[0m
2026-01-06T07:38:46.265613Z	[96msrc/pages/api/signup.ts[0m:[93m38[0m:[93m23[0m - [91merror[0m[90m ts(2339): [0mProperty 'runtime' does not exist on type 'Locals'.
2026-01-06T07:38:46.265722Z	
2026-01-06T07:38:46.26582Z	[7m38[0m     const db = locals.runtime.env.DB as D1Database;
2026-01-06T07:38:46.265959Z	[7m  [0m [91m                      ~~~~~~~[0m
2026-01-06T07:38:46.266068Z	
2026-01-06T07:38:46.309008Z	Result (49 files): 
2026-01-06T07:38:46.309296Z	- 6 errors
2026-01-06T07:38:46.309429Z	- 0 warnings
2026-01-06T07:38:46.309535Z	- 3 hints
2026-01-06T07:38:46.309645Z	
2026-01-06T07:38:46.343689Z	Failed: Error while executing user command. Exited with error code: 1
2026-01-06T07:38:46.354419Z	Failed: build command exited with code: 1
2026-01-06T07:38:47.492405Z	Failed: error occurred while running build command